<?xml version="1.0" encoding="UTF-8"?>
<!-- Generated by org.testng.reporters.JUnitReportReporter -->
<testsuite hostname="TVMATP284477L" name="mypack.visibility_Automation" tests="1" failures="0" timestamp="17 Mar 2020 17:30:29 GMT" time="0.030" errors="0">
  <testcase name="test" time="0.030" classname="mypack.visibility_Automation"/>
</testsuite> <!-- mypack.visibility_Automation -->
