<?xml version="1.0" encoding="UTF-8"?>
<!-- Generated by org.testng.reporters.JUnitReportReporter -->
<testsuite hostname="TVMATP284477L" name="visibility_Automation" tests="1" failures="0" timestamp="6 Mar 2020 07:04:54 GMT" time="98.659" errors="0">
  <testcase name="test" time="98.659" classname="visibility_Automation"/>
</testsuite> <!-- visibility_Automation -->
